\BOOKMARK [0][-]{section*.1}{Sum\341rio}{}% 1
\BOOKMARK [0][-]{chapter*.2}{Introdu\347\343o}{}% 2
\BOOKMARK [-1][-]{part.1}{Felipe Schneider}{}% 3
\BOOKMARK [0][-]{chapter.1}{Sobre Macacos e Bananas}{part.1}% 4
\BOOKMARK [0][-]{chapter.2}{Ode ao `quase'}{part.1}% 5
\BOOKMARK [-1][-]{part.2}{Carol Peters}{}% 6
\BOOKMARK [0][-]{chapter.3}{Ao Teu com o Diabo}{part.2}% 7
\BOOKMARK [-1][-]{part.3}{rev. Rafael Beraldo}{}% 8
\BOOKMARK [0][-]{chapter.4}{Amor, Sublime Amor\203}{part.3}% 9
\BOOKMARK [0][-]{chapter.5}{Retirado de um velho peda\347o de jornal}{part.3}% 10
\BOOKMARK [0][-]{chapter.6}{Enquanto Isso, nos Bastidores da TV \046 da Religi\343o\203}{part.3}% 11
\BOOKMARK [0][-]{chapter.7}{Um conto em tr\352s act\363ides \(que tamb\351m serve como exerc\355cio proppiano da faculdade\)}{part.3}% 12
\BOOKMARK [0][-]{chapter.8}{Rom\343o Brasil, o Deputado Invis\355vel, Justo como Nenhum Outro nesta Na\347\343o}{part.3}% 13
\BOOKMARK [-1][-]{part.4}{Duubhglas Juarezzz}{}% 14
\BOOKMARK [0][-]{chapter.9}{Deus cria o sistema digestivo \204 Um dia no laborat\363rio do \311den}{part.4}% 15
\BOOKMARK [0][-]{chapter.10}{O cachorro de Pavlov e o gato de Schr\366dinger}{part.4}% 16
\BOOKMARK [0][-]{chapter.11}{Martelo}{part.4}% 17
\BOOKMARK [0][-]{chapter.12}{Go to hell\203}{part.4}% 18
\BOOKMARK [0][-]{chapter.13}{Na P\341scoa}{part.4}% 19
\BOOKMARK [-1][-]{part.5}{rev. Peterson Espa\347oporto}{}% 20
\BOOKMARK [0][-]{chapter.14}{Realidade..}{part.5}% 21
\BOOKMARK [0][-]{chapter.15}{Sem Data}{part.5}% 22
\BOOKMARK [0][-]{chapter.16}{Profissionalismo}{part.5}% 23
\BOOKMARK [0][-]{chapter.17}{Raul e sua Miser\341vel Torta}{part.5}% 24
\BOOKMARK [0][-]{chapter.18}{Quase Natal}{part.5}% 25
\BOOKMARK [0][-]{chapter.19}{Devil}{part.5}% 26
