This is LuaTeX, Version beta-0.62.0-2011031620 (rev 3820)  (format=lualatex 2011.2.1)  31 MAR 2011 13:14
 restricted \write18 enabled.
**contos_discordianos.tex
(./contos_discordianos.tex
LaTeX2e <2009/09/24>
LuaTeX adaptation of babel <v3.8l-luatex-1.4> and hyphenation patterns for engl
ish, dumylang, nohyphenation, loaded.
(/usr/share/texmf-dist/tex/latex/memoir/memoir.cls
Document Class: memoir 2010/09/19 v3.6g configurable book, report, article docu
ment class
\onelineskip=\skip41
\lxvchars=\skip42
\xlvchars=\skip43
\@memcnta=\count79
\c@@memmarkcntra=\count80
(/usr/share/texmf-dist/tex/generic/oberdiek/ifpdf.sty
Package: ifpdf 2010/01/28 v2.1 Provides the ifpdf switch (HO)


Package ifpdf Warning: Someone has redefined \pdfoutput.

Package ifpdf Info: pdfTeX in pdf mode detected.
)
Class memoir Info: An `ifetex' package is being emulated on input line 251.
 (/usr/share/texmf-dist/tex/generic/ifxetex/ifxetex.sty
Package: ifxetex 2010/09/12 v0.6 Provides ifxetex conditional
)
(/usr/share/texmf-dist/tex/generic/oberdiek/ifluatex.sty
Package: ifluatex 2010/03/01 v1.3 Provides the ifluatex switch (HO)
Package ifluatex Info: LuaTeX detected.
)
\stockheight=\skip44
\stockwidth=\skip45
\trimtop=\skip46
\trimedge=\skip47

(/usr/share/texmf-dist/tex/latex/etex-pkg/etex.sty
Package: etex 1998/03/26 v2.0 eTeX basic definition package (PEB)
\et@xins=\count81
)
(/usr/share/texmf-dist/tex/latex/memoir/mem11.clo
File: mem11.clo 2008/01/30 v0.3 memoir class 11pt size option
)
\binding=\skip48
\spinemargin=\skip49
\foremargin=\skip50
\uppermargin=\skip51
\lowermargin=\skip52
\headdrop=\skip53
\normalrulethickness=\skip54
\headwidth=\skip55
\c@storedpagenumber=\count82
\memPD=\dimen102
\m@mabparskip=\skip56
\thanksmarkwidth=\skip57
\thanksmarksep=\skip58
\droptitle=\skip59
\c@book=\count83
\c@part=\count84
\c@chapter=\count85
\c@section=\count86
\c@subsection=\count87
\c@subsubsection=\count88
\c@paragraph=\count89
\c@subparagraph=\count90
\beforechapskip=\skip60
\midchapskip=\skip61
\afterchapskip=\skip62
\chapindent=\skip63
\bottomsectionskip=\skip64
\secindent=\skip65
\beforesecskip=\skip66
\aftersecskip=\skip67
\subsecindent=\skip68
\beforesubsecskip=\skip69
\aftersubsecskip=\skip70
\subsubsecindent=\skip71
\beforesubsubsecskip=\skip72
\aftersubsubsecskip=\skip73
\paraindent=\skip74
\beforeparaskip=\skip75
\afterparaskip=\skip76
\subparaindent=\skip77
\beforesubparaskip=\skip78
\aftersubparaskip=\skip79
\pfbreakskip=\skip80
\c@@ppsavesec=\count91
\c@@ppsaveapp=\count92
\ragrparindent=\dimen103
\everylistparindent=\dimen104
\parsepi=\skip81
\topsepi=\skip82
\itemsepi=\skip83
\parsepii=\skip84
\topsepii=\skip85
\topsepiii=\skip86
\itemsepii=\skip87
\itemsepiii=\skip88
\partopsepii=\skip89
\partopsepiii=\skip90
\m@msavetopsep=\skip91
\m@msavepartopsep=\skip92
\@enLab=\toks14
\abstitleskip=\skip93
\absleftindent=\skip94
\abs@leftindent=\dimen105
\absrightindent=\skip95
\absparindent=\skip96
\absparsep=\skip97
\c@vslineno=\count93
\c@poemline=\count94
\c@modulo@vs=\count95
\c@memfvsline=\count96
\vleftskip=\skip98
\vrightskip=\skip99
\stanzaskip=\skip100
\versewidth=\skip101
\vgap=\skip102
\vindent=\skip103
\vleftmargin=\dimen106
\c@verse=\count97
\c@chrsinstr=\count98
\beforepoemtitleskip=\skip104
\afterpoemtitleskip=\skip105
\c@poem=\count99
\beforePoemTitleskip=\skip106
\midPoemTitleskip=\skip107
\afterPoemTitleskip=\skip108
\col@sep=\dimen107
\extrarowheight=\dimen108
\NC@list=\toks15
\extratabsurround=\skip109
\backup@length=\skip110
\TX@col@width=\dimen109
\TX@old@table=\dimen110
\TX@old@col=\dimen111
\TX@target=\dimen112
\TX@delta=\dimen113
\TX@cols=\count100
\TX@ftn=\toks16
\heavyrulewidth=\dimen114
\lightrulewidth=\dimen115
\cmidrulewidth=\dimen116
\belowrulesep=\dimen117
\belowbottomsep=\dimen118
\aboverulesep=\dimen119
\abovetopsep=\dimen120
\cmidrulesep=\dimen121
\cmidrulekern=\dimen122
\defaultaddspace=\dimen123
\@cmidla=\count101
\@cmidlb=\count102
\@aboverulesep=\dimen124
\@belowrulesep=\dimen125
\@thisruleclass=\count103
\@lastruleclass=\count104
\@thisrulewidth=\dimen126
\ctableftskip=\skip111
\ctabrightskip=\skip112
\abovecolumnspenalty=\count105
\@linestogo=\count106
\@cellstogo=\count107
\@cellsincolumn=\count108
\crtok=\toks17
\@mincolumnwidth=\dimen127
\c@newflo@tctr=\count109
\@contcwidth=\skip113
\@contindw=\skip114
\abovecaptionskip=\skip115
\belowcaptionskip=\skip116
\subfloattopskip=\skip117
\subfloatcapskip=\skip118
\subfloatcaptopadj=\skip119
\subfloatbottomskip=\skip120
\subfloatlabelskip=\skip121
\subfloatcapmargin=\dimen128
\c@@contsubnum=\count110
\m@mscap@capbox=\box26
\m@mscap@fbox=\box27
\sidecapsep=\dimen129
\sidecapwidth=\dimen130
\m@m@tempdima=\dimen131
\m@mscapraise=\dimen132
\sidecapraise=\dimen133
\m@mscapmainwidth=\dimen134
\m@mscaplkern=\dimen135
\beforeepigraphskip=\skip122
\afterepigraphskip=\skip123
\epigraphwidth=\skip124
\epigraphrule=\skip125
LaTeX Info: Redefining \em on input line 7217.
LaTeX Info: Redefining \emph on input line 7225.
\tocentryskip=\skip126
\tocbaseline=\skip127
\cftparskip=\skip128
\cftbeforebookskip=\skip129
\cftbookindent=\dimen136
\cftbooknumwidth=\dimen137
\cftbeforepartskip=\skip130
\cftpartindent=\skip131
\cftpartnumwidth=\skip132
\cftbeforechapterskip=\skip133
\cftchapterindent=\skip134
\cftchapternumwidth=\skip135
\cftbeforesectionskip=\skip136
\cftsectionindent=\skip137
\cftsectionnumwidth=\skip138
\cftbeforesubsectionskip=\skip139
\cftsubsectionindent=\skip140
\cftsubsectionnumwidth=\skip141
\cftbeforesubsubsectionskip=\skip142
\cftsubsubsectionindent=\skip143
\cftsubsubsectionnumwidth=\skip144
\cftbeforeparagraphskip=\skip145
\cftparagraphindent=\skip146
\cftparagraphnumwidth=\skip147
\cftbeforesubparagraphskip=\skip148
\cftsubparagraphindent=\skip149
\cftsubparagraphnumwidth=\skip150
\prechapterprecisshift=\dimen138
\c@maxsecnumdepth=\count111
\bibindent=\dimen139
\bibitemsep=\skip151
\indexcolsep=\skip152
\indexrule=\skip153
\indexmarkstyle=\toks18
\@indexbox=\insert233
\glossarycolsep=\dimen140
\glossaryrule=\dimen141
\sideparvshift=\skip154
\sideins=\insert232
\sidebartopsep=\skip155
\sidebarhsep=\skip156
\sidebarvsep=\skip157
\sidebarwidth=\skip158
\footmarkwidth=\skip159
\footmarksep=\skip160
\footparindent=\skip161
\footinsdim=\skip162
\footinsv@r=\insert231
\@mpfootinsv@r=\insert230
\m@m@k=\count112
\m@m@h=\dimen142
\m@mipn@skip=\skip163
\sidefootins=\insert229
\sidefootadjust=\skip164
\sidefootheight=\skip165
\sidefoothsep=\skip166
\sidefootvsep=\skip167
\sidefootwidth=\skip168
\m@mdownsf=\skip169
\c@sidefootnote=\count113
\sidefootmarkwidth=\skip170
\sidefootmarksep=\skip171
\sidefootparindent=\skip172
\c@pagenote=\count114
\every@verbatim=\toks19
\afterevery@verbatim=\toks20
\verbatim@line=\toks21
\tab@position=\count115
\verbatim@in@stream=\read1
\verbatimindent=\skip173
\verbatim@out=\write3
\bvboxsep=\skip174
\c@memfbvline=\count116
\c@bvlinectr=\count117
\bvnumlength=\skip175
\fb@frw=\dimen143
\fb@frh=\dimen144
\FrameRule=\dimen145
\FrameSep=\dimen146
\c@cp@cntr=\count118
LaTeX Info: Redefining \: on input line 11560.
LaTeX Info: Redefining \! on input line 11562.
\c@ism@mctr=\count119
\c@xsm@mctr=\count120
\c@csm@mctr=\count121
\c@ksm@mctr=\count122
\c@xksm@mctr=\count123
\c@cksm@mctr=\count124
\c@msm@mctr=\count125
\c@xmsm@mctr=\count126
\c@cmsm@mctr=\count127
\c@bsm@mctr=\count128
\c@workm@mctr=\count129
\c@sheetsequence=\count130
\c@lastsheet=\count131
\c@lastpage=\count132
\c@figure=\count133
\c@lofdepth=\count134
\cftbeforefigureskip=\skip176
\cftfigureindent=\skip177
\cftfigurenumwidth=\skip178
\c@table=\count135
\c@lotdepth=\count136
\cftbeforetableskip=\skip179
\cfttableindent=\skip180
\cfttablenumwidth=\skip181
Package abstract [2008/07/23] emulated by memoir.
Package appendix [2008/07/23] emulated by memoir.
Package array [2008/07/23] emulated by memoir.
Package booktabs [2008/07/23] emulated by memoir.
Package ccaption [2008/07/23] emulated by memoir.
Package changepage [2008/07/23] emulated by memoir.
Package chngcntr [2008/07/23] emulated by memoir.
Package chngpage [2008/07/23] emulated by memoir.
Package crop emulated by memoir.
Package dcolumn [2008/07/23] emulated by memoir.
Package delarray [2008/07/23] emulated by memoir.
Package enumerate [2008/07/23] emulated by memoir.
Package epigraph [2008/07/23] emulated by memoir.
Package ifmtarg [2008/07/23] emulated by memoir.
Package ifetex [2008/07/23] emulated by memoir.
Package index [2008/07/23] emulated by memoir.
Package makeidx [2008/07/23] emulated by memoir.
Package moreverb [2008/07/23] emulated by memoir.
Package mparhack [2008/07/23] emulated by memoir.
Package needspace [2008/07/23] emulated by memoir.
Package newfile [2008/07/23] emulated by memoir.
Package nextpage [2008/07/23] emulated by memoir.
Package pagenote [2008/07/23] emulated by memoir.
Package parskip [2008/07/23] emulated by memoir.
Package patchcmd [2008/07/23] emulated by memoir.
Package setspace [2008/07/23] emulated by memoir.
Package shortvrb [2008/07/23] emulated by memoir.
Package showidx [2008/07/23] emulated by memoir.
Package tabularx [2008/07/23] emulated by memoir.
Package titleref [2008/07/23] emulated by memoir.
Package titling [2008/07/23] emulated by memoir.
Package tocbibind [2008/07/23] emulated by memoir.
Package tocloft [2008/07/23] emulated by memoir.
Package tocvsec2 [2008/07/23] emulated by memoir.
Package verbatim [2008/07/23] emulated by memoir.
Package verse [2008/07/23] emulated by memoir.

(/usr/share/texmf-dist/tex/latex/memoir/mempatch.sty
Package: mempatch 2009/07/24 v6.0f Patches for memoir class v1.6180339
))
(/usr/share/texmf-dist/tex/latex/fontspec/fontspec.sty
Package: fontspec 2010/11/17 v2.1e Advanced font selection for XeLaTeX/LuaLaTeX


(/usr/share/texmf-dist/tex/latex/expl3/expl3.sty
(/usr/share/texmf-dist/tex/latex/expl3/l3names.sty
Package: l3names 2010/10/03 v2064 L3 Experimental Naming Scheme for TeX Primiti
ves

(/usr/share/texmf-dist/tex/generic/oberdiek/luatex.sty
Package: luatex 2010/03/09 v0.4 LuaTeX basic definition package (HO)

(/usr/share/texmf-dist/tex/generic/oberdiek/infwarerr.sty
Package: infwarerr 2010/04/08 v1.3 Providing info/warning/message (HO)
)
\LuT@AllocAttribute=\count277
\LuT@AllocCatcodeTable=\count278
\CatcodeTableStack=\count279
\CatcodeTableIniTeX=\catcodetable1
\CatcodeTableString=\catcodetable3
\CatcodeTableOther=\catcodetable5
\CatcodeTableLaTeX=\catcodetable7

(/usr/share/texmf-dist/tex/generic/oberdiek/luatex-loader.sty
Package: luatex-loader 2010/03/09 v0.4 Lua module loader (HO)

(/usr/share/texmf-dist/scripts/oberdiek/oberdiek.luatex.lua)))
(/usr/share/texmf-dist/tex/generic/oberdiek/pdftexcmds.sty
Package: pdftexcmds 2010/04/01 v0.9 Utility functions of pdfTeX for LuaTeX (HO)


(/usr/share/texmf-dist/tex/generic/oberdiek/ltxcmds.sty
Package: ltxcmds 2010/04/26 v1.7 LaTeX kernel commands for general use (HO)
)
Package pdftexcmds Info: \pdf@primitive is available.
Package pdftexcmds Info: \pdf@ifprimitive is available.
\pdftexcmds@toks=\toks22
))
Package: expl3 2010/11/13 v2083 L3 Experimental code bundle wrapper

(/usr/share/texmf-dist/tex/latex/expl3/l3basics.sty
Package: l3basics 2010/10/03 v2063 L3 Experimental basic definitions
)
(/usr/share/texmf-dist/tex/latex/expl3/l3expan.sty
Package: l3expan 2010/09/20 v2037 L3 Experimental Argument Expansion module
)
(/usr/share/texmf-dist/tex/latex/expl3/l3tl.sty
Package: l3tl 2010/12/18 v2103 L3 Experimental Token Lists
)
(/usr/share/texmf-dist/tex/latex/expl3/l3int.sty
Package: l3int 2010/10/17 v2077 L3 Experimental Integer module
\l_tmpa_int=\count280
\l_tmpb_int=\count281
\l_tmpc_int=\count282
\g_tmpa_int=\count283
\g_tmpb_int=\count284
\c_max_int=\count285
\g_tl_inline_level_int=\count286
)
(/usr/share/texmf-dist/tex/latex/expl3/l3quark.sty
Package: l3quark 2010/09/20 v2036 L3 Experimental Quark Commands
)
(/usr/share/texmf-dist/tex/latex/expl3/l3seq.sty
Package: l3seq 2010/03/29 v1879 L3 Experimental sequences and stacks
)
(/usr/share/texmf-dist/tex/latex/expl3/l3toks.sty
Package: l3toks 2010/09/20 v2037 L3 Experimental Token Registers
\l_tmpb_toks=\toks23
\l_tmpc_toks=\toks24
\g_tmpa_toks=\toks25
\g_tmpb_toks=\toks26
\g_tmpc_toks=\toks27
\c_empty_toks=\toks28
\l_tl_replace_toks=\toks29
)
(/usr/share/texmf-dist/tex/latex/expl3/l3prg.sty
Package: l3prg 2010/10/03 v2063 L3 Experimental control structures
\g_prg_inline_level_int=\count287
)
(/usr/share/texmf-dist/tex/latex/expl3/l3clist.sty
Package: l3clist 2010/10/09 v2071 L3 Experimental comma separated lists
\g_clist_map_inline_int=\count288
)
(/usr/share/texmf-dist/tex/latex/expl3/l3token.sty
Package: l3token 2010/10/03 v2063 L3 Experimental token investigation and manip
ulation
)
(/usr/share/texmf-dist/tex/latex/expl3/l3prop.sty
Package: l3prop 2010/11/23 v2087 L3 Experimental Property Lists
\g_prop_inline_level_int=\count289
)
(/usr/share/texmf-dist/tex/latex/expl3/l3msg.sty
Package: l3msg 2010/10/02 v2052 L3 Experimental LaTeX Messages module
\l_msg_redirect_classes_prop=\toks30
\l_msg_redirect_names_prop=\toks31
\l_msg_redirect_fatal_prop=\toks32
\l_msg_redirect_error_prop=\toks33
\l_msg_redirect_warning_prop=\toks34
\l_msg_redirect_info_prop=\toks35
\l_msg_redirect_log_prop=\toks36
\l_msg_redirect_trace_prop=\toks37
\l_msg_redirect_none_prop=\toks38
)
(/usr/share/texmf-dist/tex/latex/expl3/l3io.sty
Package: l3io 2010/10/03 v2063 L3 Experimental i/o module
\g_iow_streams_prop=\toks39
\g_ior_streams_prop=\toks40
\l_iow_stream_int=\count290
)
(/usr/share/texmf-dist/tex/latex/expl3/l3skip.sty
Package: l3skip 2010/11/23 v2088 L3 Experimental skip registers
\l_tmpa_skip=\skip256
\l_tmpb_skip=\skip257
\l_tmpc_skip=\skip258
\g_tmpa_skip=\skip259
\g_tmpb_skip=\skip260
\l_tmpa_dim=\dimen256
\l_tmpb_dim=\dimen257
\l_tmpc_dim=\dimen258
\l_tmpd_dim=\dimen259
\g_tmpa_dim=\dimen260
\g_tmpb_dim=\dimen261
)
(/usr/share/texmf-dist/tex/latex/expl3/l3box.sty
Package: l3box 2010/09/26 v2048 L3 Experimental Box module
\l_tmpb_box=\box256
)
(/usr/share/texmf-dist/tex/latex/expl3/l3keyval.sty
Package: l3keyval 2010/04/11 v1890 L3 Experimental keyval processing
\l_KV_level_int=\count291
)
(/usr/share/texmf-dist/tex/latex/expl3/l3keys.sty
Package: l3keys 2010/11/11 v2082 L3 Experimental key-value support
\l_keys_choice_int=\count292
)
(/usr/share/texmf-dist/tex/latex/expl3/l3precom.sty
Package: l3precom 2010/02/09 v1793 L3 Experimental precompilation module
\g_gen_sym_int=\count293
\g_ggen_sym_int=\count294
)
(/usr/share/texmf-dist/tex/latex/expl3/l3xref.sty
Package: l3xref 2010/02/09 v1786 L3 Experimental cross referencing
\g_xref_all_curr_immediate_fields_prop=\toks41
\g_xref_all_curr_deferred_fields_prop=\toks42
)
(/usr/share/texmf-dist/tex/latex/expl3/l3file.sty
Package: l3file 2010/03/21 v1853 L3 Experimental file loading
)
(/usr/share/texmf-dist/tex/latex/expl3/l3fp.sty
Package: l3fp 2010/12/18 v2104 L3 Experimental floating-point operations
\c_one_million=\count295
\c_one_hundred_million=\count296
\c_five_hundred_million=\count297
\c_one_thousand_million=\count298
\c_fp_pi_by_four_decimal_int=\count299
\c_fp_pi_by_four_extended_int=\count300
\c_fp_pi_decimal_int=\count301
\c_fp_pi_extended_int=\count302
\c_fp_two_pi_decimal_int=\count303
\c_fp_two_pi_extended_int=\count304
\l_fp_count_int=\count305
\l_fp_div_offset_int=\count306
\l_fp_exp_integer_int=\count307
\l_fp_exp_decimal_int=\count308
\l_fp_exp_extended_int=\count309
\l_fp_exp_exponent_int=\count310
\l_fp_input_a_sign_int=\count311
\l_fp_input_a_integer_int=\count312
\l_fp_input_a_decimal_int=\count313
\l_fp_input_a_exponent_int=\count314
\l_fp_input_b_sign_int=\count315
\l_fp_input_b_integer_int=\count316
\l_fp_input_b_decimal_int=\count317
\l_fp_input_b_exponent_int=\count318
\l_fp_input_a_extended_int=\count319
\l_fp_input_b_extended_int=\count320
\l_fp_mul_a_i_int=\count321
\l_fp_mul_a_ii_int=\count322
\l_fp_mul_a_iii_int=\count323
\l_fp_mul_a_iv_int=\count324
\l_fp_mul_a_v_int=\count325
\l_fp_mul_a_vi_int=\count326
\l_fp_mul_b_i_int=\count327
\l_fp_mul_b_ii_int=\count328
\l_fp_mul_b_iii_int=\count329
\l_fp_mul_b_iv_int=\count330
\l_fp_mul_b_v_int=\count331
\l_fp_mul_b_vi_int=\count332
\l_fp_mul_output_int=\count333
\l_fp_output_sign_int=\count334
\l_fp_output_integer_int=\count335
\l_fp_output_decimal_int=\count336
\l_fp_output_exponent_int=\count337
\l_fp_output_extended_int=\count338
\l_fp_round_position_int=\count339
\l_fp_round_target_int=\count340
\l_fp_split_sign_int=\count341
\l_fp_tmp_int=\count342
\l_fp_trig_octant_int=\count343
\l_fp_trig_sign_int=\count344
\l_fp_trig_decimal_int=\count345
\l_fp_trig_extended_int=\count346
\l_fp_tmp_dim=\dimen262
\l_fp_tmp_skip=\skip261
)
(/usr/share/texmf-dist/tex/latex/expl3/l3luatex.sty
Package: l3luatex 2010/07/18 v1985 L3 Experimental LuaTeX functions
\g_cctab_allocate_int=\count347
\g_cctab_stack_int=\count348
\c_code_cctab=\catcodetable9
)
(/usr/share/texmf-dist/tex/latex/tools/calc.sty
Package: calc 2007/08/22 v4.3 Infix arithmetic (KKT,FJ)
\calc@Acount=\count349
\calc@Bcount=\count350
\calc@Adimen=\dimen263
\calc@Bdimen=\dimen264
\calc@Askip=\skip262
\calc@Bskip=\skip263
LaTeX Info: Redefining \setlength on input line 76.
LaTeX Info: Redefining \addtolength on input line 77.
\calc@Ccount=\count351
\calc@Cskip=\skip264
))
(/usr/share/texmf-dist/tex/latex/xpackages/xbase/xparse.sty
Package: xparse 2010/10/13 v2073 Generic document command parser
\c_xparse_shorthands_prop=\toks43
\l_xparse_m_args_int=\count352
\l_xparse_mandatory_args_int=\count353
\l_xparse_processor_int=\count354
\l_xparse_total_args_int=\count355
)
(/usr/share/texmf-dist/tex/generic/kastrup/binhex.tex)
(/usr/share/texmf-dist/tex/luatex/luaotfload/luaotfload.sty
Package: luaotfload 2010/11/11 v1.21 OpenType layout system

(/usr/share/texmf-dist/tex/luatex/luatexbase/luatexbase.sty
Package: luatexbase 2010/10/06 v0.3 Module utilities for LuaTeX

(/usr/share/texmf-dist/tex/luatex/luatexbase/luatexbase-compat.sty
Package: luatexbase-compat 2010/10/10 v0.3 Compatibility tools for LuaTeX
)
(/usr/share/texmf-dist/tex/luatex/luatexbase/luatexbase-loader.sty
Package: luatexbase-loader 2010/10/10 v0.3 Lua module loader for LuaTeX

(/usr/share/texmf-dist/tex/luatex/luatexbase/luatexbase.loader.lua))
(/usr/share/texmf-dist/tex/luatex/luatexbase/luatexbase-regs.sty
Package: luatexbase-regs 2010/10/10 v0.3 Registers allocation for LuaTeX
)
(/usr/share/texmf-dist/tex/luatex/luatexbase/luatexbase-attr.sty
Package: luatexbase-attr 2010/10/10 v0.3 Attributes allocation for LuaTeX

(/usr/share/texmf-dist/tex/luatex/luatexbase/attr.lua))
(/usr/share/texmf-dist/tex/luatex/luatexbase/luatexbase-cctb.sty
Package: luatexbase-cctb 2010/10/10 v0.3 Catcodetable allocation for LuaTeX

(/usr/share/texmf-dist/tex/luatex/luatexbase/cctb.lua)
\lltxb@catcodetable@alloc=\count356
\CatcodeTableIniTeX=\luatexcatcodetable1
\CatcodeTableString=\luatexcatcodetable2
\CatcodeTableOther=\luatexcatcodetable3
\CatcodeTableLaTeX=\luatexcatcodetable4
\CatcodeTableLaTeXAtLetter=\luatexcatcodetable5
\CatcodeTableExpl=\luatexcatcodetable6
)
(/usr/share/texmf-dist/tex/luatex/luatexbase/luatexbase-mcb.sty
Package: luatexbase-mcb 2010/10/10 v0.3 Callback management for LuaTeX

(/usr/share/texmf-dist/tex/luatex/luatexbase/luatexbase-modutils.sty
Package: luatexbase-modutils 2010/10/10 v0.3 Module utilities for LuaTeX

(/usr/share/texmf-dist/tex/luatex/luatexbase/modutils.lua))
(/usr/share/texmf-dist/tex/luatex/luatexbase/mcb.lua)
Lua module: luatexbase-mcb 2010/05/12 0.2 register several functions in a callb
ack
))
(/usr/share/texmf-dist/tex/luatex/lualibs/lualibs.lua)
Lua module: lualibs 2010/06/28 0.95 Lua additional functions.

(/usr/share/texmf-dist/tex/luatex/lualibs/lualibs-string.lua)
(/usr/share/texmf-dist/tex/luatex/lualibs/lualibs-lpeg.lua)
(/usr/share/texmf-dist/tex/luatex/lualibs/lualibs-boolean.lua)
(/usr/share/texmf-dist/tex/luatex/lualibs/lualibs-number.lua)
(/usr/share/texmf-dist/tex/luatex/lualibs/lualibs-math.lua)
(/usr/share/texmf-dist/tex/luatex/lualibs/lualibs-table.lua)
(/usr/share/texmf-dist/tex/luatex/lualibs/lualibs-aux.lua)
(/usr/share/texmf-dist/tex/luatex/lualibs/lualibs-io.lua)
(/usr/share/texmf-dist/tex/luatex/lualibs/lualibs-os.lua)
(/usr/share/texmf-dist/tex/luatex/lualibs/lualibs-file.lua)
(/usr/share/texmf-dist/tex/luatex/lualibs/lualibs-md5.lua)
(/usr/share/texmf-dist/tex/luatex/lualibs/lualibs-dir.lua)
(/usr/share/texmf-dist/tex/luatex/lualibs/lualibs-unicode.lua)
(/usr/share/texmf-dist/tex/luatex/lualibs/lualibs-utils.lua)
(/usr/share/texmf-dist/tex/luatex/lualibs/lualibs-dimen.lua)
(/usr/share/texmf-dist/tex/luatex/lualibs/lualibs-url.lua)
(/usr/share/texmf-dist/tex/luatex/lualibs/lualibs-set.lua)
(/usr/share/texmf-dist/tex/luatex/luaotfload/luaotfload.lua)
Lua module: luaotfload 2010/11/11 1.21 OpenType layout system.
luaotfload: loading file /usr/share/texmf-dist/tex/luatex/luaotfload/otfl-luat-
dum.lua.(using cache: /home/revberaldo/.texlive/texmf-var/luatex-cache/generic)
luaotfload: loading file /usr/share/texmf-dist/tex/luatex/luaotfload/otfl-luat-
ovr.lua.
luaotfload: loading file /usr/share/texmf-dist/tex/luatex/luaotfload/otfl-data-
con.lua.
luaotfload: loading file /usr/share/texmf-dist/tex/luatex/luaotfload/otfl-font-
ini.lua.
luaotfload: loading file /usr/share/texmf-dist/tex/luatex/luaotfload/otfl-node-
dum.lua.
luaotfload: loading file /usr/share/texmf-dist/tex/luatex/luaotfload/otfl-node-
inj.lua.
luaotfload: loading file /usr/share/texmf-dist/tex/luatex/luaotfload/otfl-font-
tfm.lua.
luatexbase.attributes["otfl@state"] = 1
luaotfload: loading file /usr/share/texmf-dist/tex/luatex/luaotfload/otfl-font-
cid.lua.
luaotfload: loading file /usr/share/texmf-dist/tex/luatex/luaotfload/otfl-font-
ott.lua.
luaotfload: loading file /usr/share/texmf-dist/tex/luatex/luaotfload/otfl-font-
map.lua.
luaotfload: loading file /usr/share/texmf-dist/tex/luatex/luaotfload/otfl-font-
otf.lua.
luaotfload: loading file /usr/share/texmf-dist/tex/luatex/luaotfload/otfl-font-
otd.lua.
luaotfload: loading file /usr/share/texmf-dist/tex/luatex/luaotfload/otfl-font-
oti.lua.
luaotfload: loading file /usr/share/texmf-dist/tex/luatex/luaotfload/otfl-font-
otb.lua.
luaotfload: loading file /usr/share/texmf-dist/tex/luatex/luaotfload/otfl-font-
otn.lua.
luatexbase.attributes["otfl@markbase"] = 2
luatexbase.attributes["otfl@markmark"] = 3
luatexbase.attributes["otfl@markdone"] = 4
luatexbase.attributes["otfl@cursbase"] = 5
luatexbase.attributes["otfl@curscurs"] = 6
luatexbase.attributes["otfl@cursdone"] = 7
luatexbase.attributes["otfl@kernpair"] = 8
luaotfload: loading file /usr/share/texmf-dist/tex/luatex/luaotfload/otfl-font-
ota.lua.
luaotfload: loading file /usr/share/texmf-dist/tex/luatex/luaotfload/otfl-font-
otc.lua.
luaotfload: loading file /usr/share/texmf-dist/tex/luatex/luaotfload/otfl-font-
def.lua.
luaotfload: loading file /usr/share/texmf-dist/tex/luatex/luaotfload/otfl-font-
xtx.lua.
luaotfload: loading file /usr/share/texmf-dist/tex/luatex/luaotfload/otfl-font-
dum.lua.
luaotfload: loading file /usr/share/texmf-dist/tex/luatex/luaotfload/otfl-font-
nms.lua.
luaotfload: loading file /usr/share/texmf-dist/tex/luatex/luaotfload/otfl-font-
clr.lua.
Module luatexbase-mcb info: inserting 'luaotfload.pre_linebreak_filter'
(luatexbase-mcb)            at position 1 in 'pre_linebreak_filter'
Module luatexbase-mcb info: inserting 'luaotfload.hpack_filter'
(luatexbase-mcb)            at position 1 in 'hpack_filter'
Module luatexbase-mcb info: resetting callback 'define_font'
Module luatexbase-mcb info: inserting 'luaotfload.define_font'
(luatexbase-mcb)            at position 1 in 'define_font'
Module luatexbase-mcb info: inserting 'luaotfload.find_vf_file'
(luatexbase-mcb)            at position 1 in 'find_vf_file'
)
(/usr/share/texmf-dist/tex/latex/fontspec/fontspec.lua)
Lua module: fontspec 2009/12/04 2 Advanced font selection for LuaLaTeX.
\l_fontspec_script_int=\count357
\l_fontspec_language_int=\count358
\l_fontspec_strnum_int=\count359
Variant \tl_gset:cV already defined; not changing it on line 79

(/usr/share/texmf-dist/tex/latex/xkeyval/xkeyval.sty
Package: xkeyval 2008/08/13 v2.6a package option processing (HA)

(/usr/share/texmf-dist/tex/generic/xkeyval/xkeyval.tex
\XKV@toks=\toks44
\XKV@tempa@toks=\toks45
\XKV@depth=\count360
File: xkeyval.tex 2008/08/13 v2.6a key=value parser (HA)

(/usr/share/texmf-dist/tex/generic/xkeyval/keyval.tex)))
(/usr/share/texmf-dist/tex/latex/fontspec/fontspec-patches.sty
Package: fontspec-patches 2010/11/17 v2.1e Advanced font selection for XeLaTeX/
LuaLaTeX

(/usr/share/texmf-dist/tex/latex/base/fixltx2e.sty
Package: fixltx2e 2006/09/13 v1.1m fixes to LaTeX
LaTeX Info: Redefining \em on input line 420.
LaTeX Info: Redefining \textsubscript on input line 424.
)
LaTeX Info: Redefining \em on input line 22.
LaTeX Info: Redefining \emph on input line 29.
LaTeX Info: Redefining \- on input line 32.
)
(/usr/share/texmf-dist/tex/latex/base/fontenc.sty
Package: fontenc 2005/09/27 v1.99g Standard LaTeX package

(/usr/share/texmf-dist/tex/latex/euenc/eu2enc.def
File: eu2enc.def 2010/05/27 v0.1h Experimental Unicode font encodings
)
LaTeX Font Info:    Try loading font information for EU2+lmr on input line 100.


(/usr/share/texmf-dist/tex/latex/euenc/eu2lmr.fd
File: eu2lmr.fd 2009/10/30 v1.6 Font defs for Latin Modern
)
luaotfload | load font: auto-selecting default features for script: dflt (was l
atn)(load: /home/revberaldo/.texlive/texmf-var/luatex-cache/generic/fonts/otf/t
emp-lmroman10-regular.lua))
(/usr/share/texmf-dist/tex/xelatex/xunicode/xunicode.sty
File: xunicode.sty 2010/11/06 v0.96 provides access to latin accents and many o
ther characters in Unicode lower plane
)
 LaTeX info: Defining document command \fontspec
(LaTeX)  with arg. spec. 'O{}m' on line 322.

 LaTeX info: Defining document command \setmainfont
(LaTeX)  with arg. spec. 'O{}m' on line 326.

 LaTeX info: Defining document command \setsansfont
(LaTeX)  with arg. spec. 'O{}m' on line 330.

 LaTeX info: Defining document command \setmonofont
(LaTeX)  with arg. spec. 'O{}m' on line 334.

 LaTeX info: Defining document command \setmathrm
(LaTeX)  with arg. spec. 'O{}m' on line 338.

 LaTeX info: Defining document command \setboldmathrm
(LaTeX)  with arg. spec. 'O{}m' on line 341.

 LaTeX info: Defining document command \setmathsf
(LaTeX)  with arg. spec. 'O{}m' on line 344.

 LaTeX info: Defining document command \setmathtt
(LaTeX)  with arg. spec. 'O{}m' on line 347.

 LaTeX info: Defining document command \newfontfamily
(LaTeX)  with arg. spec. 'mO{}m' on line 364.

 LaTeX info: Defining document command \newfontface
(LaTeX)  with arg. spec. 'mO{}m' on line 367.

 LaTeX info: Defining document command \defaultfontfeatures
(LaTeX)  with arg. spec. 'm' on line 370.

 LaTeX info: Defining document command \addfontfeatures
(LaTeX)  with arg. spec. 'm' on line 387.

 LaTeX info: Defining document command \newfontfeature
(LaTeX)  with arg. spec. 'mm' on line 394.

 LaTeX info: Defining document command \newAATfeature
(LaTeX)  with arg. spec. 'mmmm' on line 403.

 LaTeX info: Defining document command \newICUfeature
(LaTeX)  with arg. spec. 'mmm' on line 412.

 LaTeX info: Defining document command \aliasfontfeature
(LaTeX)  with arg. spec. 'mm' on line 414.

 LaTeX info: Defining document command \aliasfontfeatureoption
(LaTeX)  with arg. spec. 'mmm' on line 417.

 LaTeX info: Defining document command \newfontscript
(LaTeX)  with arg. spec. 'mm' on line 422.

 LaTeX info: Defining document command \newfontlanguage
(LaTeX)  with arg. spec. 'mm' on line 444.

 LaTeX info: Defining document command \DeclareFontsExtensions
(LaTeX)  with arg. spec. 'm' on line 461.

\c@fontspec_tmp_int=\count361
LaTeX Info: Redefining \itshape on input line 2071.
LaTeX Info: Redefining \slshape on input line 2075.
LaTeX Info: Redefining \scshape on input line 2079.
LaTeX Info: Redefining \upshape on input line 2083.

(/usr/share/texmf-dist/tex/latex/fontspec/fontspec.cfg))
luaotfload | Font names database loaded: /home/revberaldo/.texlive/texmf-var/lu
atex-cache/generic/names/otfl-names.lua
luaotfload | load font: font family='linuxlibertine', subfamily='regular' found
: /usr/share/fonts/TTF/LinLibertine_Re.ttf(load: /home/revberaldo/.texlive/texm
f-var/luatex-cache/generic/fonts/otf/temp-linlibertine-re.lua)
luaotfload | load font: font family='linuxlibertine', subfamily='regular' found
: /usr/share/fonts/TTF/LinLibertine_Re.ttf
fontspec: script 'latn' exists in font 'Linux Libertine'
fontspec: script 'latn' exists in font 'Linux Libertine'
\g_fontspec_family_Linux Libertine_int=\count362
 fontspec info: Defining font family 'LinuxLibertine(0)' for font 'Linux Libert
ine' with options [].

\g_fontspec_LinuxLibertine(0)_prop=\toks46
luaotfload | load font: font family='linuxlibertine', subfamily='regular' found
: /usr/share/fonts/TTF/LinLibertine_Re.ttf
 fontspec info: Defining shape 'normal' with NFSS spec.:
(fontspec)  <->"name:LinuxLibertine:mode=node;script=latn;language=DFLT;"

fontspec: feature '+smcp' for language 'DFLT' and script 'latn' exists in font 
'Linux Libertine'
 fontspec info: Defining shape 'small caps' with NFSS spec.:
(fontspec)  <->"name:LinuxLibertine:mode=node;script=latn;language=DFLT;+smcp;"


luaotfload | load font: font family='linuxlibertine', subfamily='regular' found
: /usr/share/fonts/TTF/LinLibertine_Re.ttf
luaotfload | load font: font family='linuxlibertine', subfamily='bold' found: /
usr/share/fonts/TTF/LinLibertine_Bd.ttf(load: /home/revberaldo/.texlive/texmf-v
ar/luatex-cache/generic/fonts/otf/temp-linlibertine-bd.lua)
luaotfload | load font: font family='linuxlibertine', subfamily='bold' found: /
usr/share/fonts/TTF/LinLibertine_Bd.ttf
 fontspec info: Defining shape 'bold' with NFSS spec.:
(fontspec)  <->"name:LinuxLibertine/B:mode=node;script=latn;language=DFLT;"

fontspec: feature '+smcp' for language 'DFLT' and script 'latn' exists in font 
'Linux Libertine Bold'
 fontspec info: Defining shape 'bold small caps' with NFSS spec.:
(fontspec)  <->"name:LinuxLibertine/B:mode=node;script=latn;language=DFLT;+smcp
;"

luaotfload | load font: font family='linuxlibertine', subfamily='regular' found
: /usr/share/fonts/TTF/LinLibertine_Re.ttf
luaotfload | load font: font family='linuxlibertine', subfamily='italic' found:
 /usr/share/fonts/TTF/LinLibertine_It.ttf(load: /home/revberaldo/.texlive/texmf
-var/luatex-cache/generic/fonts/otf/temp-linlibertine-it.lua)
luaotfload | load font: font family='linuxlibertine', subfamily='italic' found:
 /usr/share/fonts/TTF/LinLibertine_It.ttf
 fontspec info: Defining shape 'italic' with NFSS spec.:
(fontspec)  <->"name:LinuxLibertine/I:mode=node;script=latn;language=DFLT;"

fontspec: feature '+smcp' for language 'DFLT' and script 'latn' exists in font 
'Linux Libertine Italic'
 fontspec info: Defining shape 'italic small caps' with NFSS spec.:
(fontspec)  <->"name:LinuxLibertine/I:mode=node;script=latn;language=DFLT;+smcp
;"

luaotfload | load font: font family='linuxlibertine', subfamily='regular' found
: /usr/share/fonts/TTF/LinLibertine_Re.ttf
luaotfload | load font: font family='linuxlibertine', subfamily='bolditalic' fo
und: /usr/share/fonts/TTF/LinLibertine_BI.ttf(load: /home/revberaldo/.texlive/t
exmf-var/luatex-cache/generic/fonts/otf/temp-linlibertine-bi.lua)
luaotfload | load font: font family='linuxlibertine', subfamily='bolditalic' fo
und: /usr/share/fonts/TTF/LinLibertine_BI.ttf
 fontspec info: Defining shape 'bold italic' with NFSS spec.:
(fontspec)  <->"name:LinuxLibertine/BI:mode=node;script=latn;language=DFLT;"

luaotfload | load font: auto-selecting default features for script: dflt (was l
atn)
luaotfload | load font: font family='linuxlibertine', subfamily='regular' found
: /usr/share/fonts/TTF/LinLibertine_Re.ttf
luaotfload | load font: font family='linuxlibertine', subfamily='regular' found
: /usr/share/fonts/TTF/LinLibertine_Re.ttf
luaotfload | load font: font family='linuxlibertine', subfamily='regular' found
: /usr/share/fonts/TTF/LinLibertine_Re.ttf
fontspec: script 'latn' exists in font 'Linux Libertine'
fontspec: script 'latn' exists in font 'Linux Libertine'
fontspec: feature '+onum' for language 'DFLT' and script 'latn' exists in font 
'Linux Libertine'
 fontspec info: Defining font family 'LinuxLibertine(1)' for font 'Linux Libert
ine' with options [Numbers=OldStyle,Ligatures=TeX].

\g_fontspec_LinuxLibertine(1)_prop=\toks47
luaotfload | load font: font family='linuxlibertine', subfamily='regular' found
: /usr/share/fonts/TTF/LinLibertine_Re.ttf
fontspec: feature '+onum' for language 'DFLT' and script 'latn' exists in font 
'Linux Libertine'
 fontspec info: Defining shape 'normal' with NFSS spec.:
(fontspec)  <->"name:LinuxLibertine:mode=node;script=latn;language=DFLT;+onum;;
+tlig;+trep;;"

fontspec: feature '+smcp' for language 'DFLT' and script 'latn' exists in font 
'Linux Libertine'
fontspec: feature '+onum' for language 'DFLT' and script 'latn' exists in font 
'Linux Libertine'
 fontspec info: Defining shape 'small caps' with NFSS spec.:
(fontspec)  <->"name:LinuxLibertine:mode=node;script=latn;language=DFLT;+onum;;
+tlig;+trep;;+smcp;"

luaotfload | load font: font family='linuxlibertine', subfamily='regular' found
: /usr/share/fonts/TTF/LinLibertine_Re.ttf
luaotfload | load font: font family='linuxlibertine', subfamily='bold' found: /
usr/share/fonts/TTF/LinLibertine_Bd.ttf
luaotfload | load font: font family='linuxlibertine', subfamily='bold' found: /
usr/share/fonts/TTF/LinLibertine_Bd.ttf
fontspec: feature '+onum' for language 'DFLT' and script 'latn' exists in font 
'Linux Libertine Bold'
 fontspec info: Defining shape 'bold' with NFSS spec.:
(fontspec)  <->"name:LinuxLibertine/B:mode=node;script=latn;language=DFLT;+onum
;;+tlig;+trep;;"

fontspec: feature '+smcp' for language 'DFLT' and script 'latn' exists in font 
'Linux Libertine Bold'
fontspec: feature '+onum' for language 'DFLT' and script 'latn' exists in font 
'Linux Libertine Bold'
 fontspec info: Defining shape 'bold small caps' with NFSS spec.:
(fontspec)  <->"name:LinuxLibertine/B:mode=node;script=latn;language=DFLT;+onum
;;+tlig;+trep;;+smcp;"

luaotfload | load font: font family='linuxlibertine', subfamily='regular' found
: /usr/share/fonts/TTF/LinLibertine_Re.ttf
luaotfload | load font: font family='linuxlibertine', subfamily='italic' found:
 /usr/share/fonts/TTF/LinLibertine_It.ttf
luaotfload | load font: font family='linuxlibertine', subfamily='italic' found:
 /usr/share/fonts/TTF/LinLibertine_It.ttf
fontspec: feature '+onum' for language 'DFLT' and script 'latn' exists in font 
'Linux Libertine Italic'
 fontspec info: Defining shape 'italic' with NFSS spec.:
(fontspec)  <->"name:LinuxLibertine/I:mode=node;script=latn;language=DFLT;+onum
;;+tlig;+trep;;"

fontspec: feature '+smcp' for language 'DFLT' and script 'latn' exists in font 
'Linux Libertine Italic'
fontspec: feature '+onum' for language 'DFLT' and script 'latn' exists in font 
'Linux Libertine Italic'
 fontspec info: Defining shape 'italic small caps' with NFSS spec.:
(fontspec)  <->"name:LinuxLibertine/I:mode=node;script=latn;language=DFLT;+onum
;;+tlig;+trep;;+smcp;"

luaotfload | load font: font family='linuxlibertine', subfamily='regular' found
: /usr/share/fonts/TTF/LinLibertine_Re.ttf
luaotfload | load font: font family='linuxlibertine', subfamily='bolditalic' fo
und: /usr/share/fonts/TTF/LinLibertine_BI.ttf
luaotfload | load font: font family='linuxlibertine', subfamily='bolditalic' fo
und: /usr/share/fonts/TTF/LinLibertine_BI.ttf
fontspec: feature '+onum' for language 'DFLT' and script 'latn' exists in font 
'Linux Libertine Bold Italic'
 fontspec info: Defining shape 'bold italic' with NFSS spec.:
(fontspec)  <->"name:LinuxLibertine/BI:mode=node;script=latn;language=DFLT;+onu
m;;+tlig;+trep;;"

luaotfload | load font: auto-selecting default features for script: dflt (was l
atn)
luaotfload | load font: font family='linuxlibertine', subfamily='regular' found
: /usr/share/fonts/TTF/LinLibertine_Re.ttf
(/usr/share/texmf-dist/tex/generic/babel/babel.sty
Package: babel 2008/07/06 v3.8l The Babel package

(/usr/share/texmf-dist/tex/generic/babel/english.ldf
Language: english 2005/03/30 v3.3o English support from the babel system

(/usr/share/texmf-dist/tex/generic/babel/babel.def
File: babel.def 2008/07/06 v3.8l Babel common definitions
\babel@savecnt=\count363
\U@D=\dimen265
)
\l@canadian = a dialect from \language\l@american 
\l@australian = a dialect from \language\l@british 
\l@newzealand = a dialect from \language\l@british 
)
(/usr/share/texmf-dist/tex/generic/babel/portuges.ldf
Language: portuges 2008/03/18 v1.2q Portuguese support from the babel system
Package babel Info: Making " an active character on input line 145.
luatex-hyphen: loading patterns and exceptions for: portuguese (\language59)))
(/usr/share/texmf-dist/tex/latex/hyperref/hyperref.sty
Package: hyperref 2010/12/16 v6.81z Hypertext links for LaTeX

(/usr/share/texmf-dist/tex/generic/oberdiek/kvsetkeys.sty
Package: kvsetkeys 2010/03/01 v1.9 Key value parser (HO)

(/usr/share/texmf-dist/tex/generic/oberdiek/etexcmds.sty
Package: etexcmds 2010/01/28 v1.3 Prefix for e-TeX command names (HO)
))
(/usr/share/texmf-dist/tex/generic/oberdiek/pdfescape.sty
Package: pdfescape 2010/03/01 v1.9 Provides hex, PDF name and string conversion
s (HO)
)
(/usr/share/texmf-dist/tex/generic/oberdiek/ifvtex.sty
Package: ifvtex 2010/03/01 v1.5 Switches for detecting VTeX and its modes (HO)
Package ifvtex Info: VTeX not detected.
)
(/usr/share/texmf-dist/tex/latex/oberdiek/hycolor.sty
Package: hycolor 2009/12/12 v1.6 Color options of hyperref/bookmark (HO)

(/usr/share/texmf-dist/tex/latex/oberdiek/xcolor-patch.sty
Package: xcolor-patch 2009/12/12 xcolor patch
))
(/usr/share/texmf-dist/tex/latex/oberdiek/letltxmacro.sty
Package: letltxmacro 2008/06/24 v1.3 Let assignment for LaTeX macros (HO)
)
(/usr/share/texmf-dist/tex/latex/oberdiek/kvoptions.sty
Package: kvoptions 2010/02/22 v3.7 Keyval support for LaTeX options (HO)
)
\@linkdim=\dimen266
\Hy@linkcounter=\count364
\Hy@pagecounter=\count365

(/usr/share/texmf-dist/tex/latex/hyperref/pd1enc.def
File: pd1enc.def 2010/12/16 v6.81z Hyperref: PDFDocEncoding definition (HO)
)
(/usr/share/texmf-dist/tex/generic/oberdiek/intcalc.sty
Package: intcalc 2007/09/27 v1.1 Expandable integer calculations (HO)
)
\Hy@SavedSpaceFactor=\count366

(/usr/share/texmf-dist/tex/latex/latexconfig/hyperref.cfg
File: hyperref.cfg 2002/06/06 v1.2 hyperref configuration of TeXLive
)
Package hyperref Info: Option `final' set `true' on input line 3889.
Package hyperref Info: Hyper figures OFF on input line 3993.
Package hyperref Info: Link nesting OFF on input line 3998.
Package hyperref Info: Hyper index ON on input line 4001.
Package hyperref Info: Plain pages OFF on input line 4008.
Package hyperref Info: Backreferencing OFF on input line 4013.
Package hyperref Info: Implicit mode ON; LaTeX internals redefined.
Package hyperref Info: Bookmarks ON on input line 4231.
\c@Hy@tempcnt=\count367

(/usr/share/texmf-dist/tex/latex/url/url.sty
\Urlmuskip=\muskip10
Package: url 2006/04/12  ver 3.3  Verb mode for urls, etc.
)
LaTeX Info: Redefining \url on input line 4584.

(/usr/share/texmf-dist/tex/generic/oberdiek/bitset.sty
Package: bitset 2007/09/28 v1.0 Data type bit set (HO)

(/usr/share/texmf-dist/tex/generic/oberdiek/bigintcalc.sty
Package: bigintcalc 2007/11/11 v1.1 Expandable big integer calculations (HO)
))
\Fld@menulength=\count368
\Field@Width=\dimen267
\Fld@charsize=\dimen268
Package hyperref Info: Hyper figures OFF on input line 5668.
Package hyperref Info: Link nesting OFF on input line 5673.
Package hyperref Info: Hyper index ON on input line 5676.
Package hyperref Info: backreferencing OFF on input line 5683.
Package hyperref Info: Link coloring OFF on input line 5688.
Package hyperref Info: Link coloring with OCG OFF on input line 5693.
Package hyperref Info: PDF/A mode OFF on input line 5698.
LaTeX Info: Redefining \ref on input line 5738.
LaTeX Info: Redefining \pageref on input line 5742.

(/usr/share/texmf-dist/tex/generic/oberdiek/atbegshi.sty
Package: atbegshi 2010/03/25 v1.12 At begin shipout hook (HO)
)
\Hy@abspage=\count369
\c@Item=\count370
)
(/usr/share/texmf-dist/tex/latex/memoir/memhfixc.sty
Package: memhfixc 2010/08/17 v1.15 nameref/hyperref package fixes for memoir cl
ass
\c@memhycontfloat=\count371
)

Package hyperref Message: Driver (autodetected): hpdftex.

(/usr/share/texmf-dist/tex/latex/hyperref/hpdftex.def
File: hpdftex.def 2010/12/16 v6.81z Hyperref driver for pdfTeX

(/usr/share/texmf-dist/tex/latex/oberdiek/atveryend.sty
Package: atveryend 2010/03/24 v1.5 Hooks at very end of document (HO)
Package atveryend Info: \enddocument detected (standard).
)
\Fld@listcount=\count372
\c@bookmark@seq@number=\count373

(/usr/share/texmf-dist/tex/latex/oberdiek/rerunfilecheck.sty
Package: rerunfilecheck 2010/03/16 v1.6 Rerun checks for auxiliary files (HO)

(/usr/share/texmf-dist/tex/generic/oberdiek/uniquecounter.sty
Package: uniquecounter 2009/12/18 v1.1 Provides unlimited unique counter (HO)
)
Package uniquecounter Info: New unique counter `rerunfilecheck' on input line 2
71.
)
\Hy@SectionHShift=\skip265
)
(/usr/share/texmf-dist/tex/latex/leading/leading.sty
Package: leading 2008/12/11 v0.3 Define leading length
)
(/usr/share/texmf-dist/tex/latex/graphics/graphicx.sty
Package: graphicx 1999/02/16 v1.0f Enhanced LaTeX Graphics (DPC,SPQR)

(/usr/share/texmf-dist/tex/latex/graphics/graphics.sty
Package: graphics 2009/02/05 v1.0o Standard LaTeX Graphics (DPC,SPQR)

(/usr/share/texmf-dist/tex/latex/graphics/trig.sty
Package: trig 1999/03/16 v1.09 sin cos tan (DPC)
)
(/usr/share/texmf-dist/tex/latex/latexconfig/graphics.cfg
File: graphics.cfg 2010/04/23 v1.9 graphics configuration of TeX Live
)
Package graphics Info: Driver file: pdftex.def on input line 91.

(/usr/share/texmf-dist/tex/latex/pdftex-def/pdftex.def
File: pdftex.def 2010/11/26 v0.05c Graphics/color for pdfTeX
\Gread@gobject=\count374
))
\Gin@req@height=\dimen269
\Gin@req@width=\dimen270
)
(/usr/share/texmf-dist/tex/latex/oberdiek/epstopdf.sty
Package: epstopdf 2010/02/09 v2.5 Conversion with epstopdf on the fly (HO)

(/usr/share/texmf-dist/tex/latex/oberdiek/epstopdf-base.sty
Package: epstopdf-base 2010/02/09 v2.5 Base part for package epstopdf

(/usr/share/texmf-dist/tex/latex/oberdiek/grfext.sty
Package: grfext 2007/09/30 v1.0 Managing graphics extensions (HO)
)
Package grfext Info: Graphics extension search list:
(grfext)             [.png,.pdf,.jpg,.mps,.jpeg,.jbig2,.jb2,.PNG,.PDF,.JPG,.JPE
G,.JBIG2,.JB2,.eps]
(grfext)             \AppendGraphicsExtensions on input line 436.

(/usr/share/texmf-dist/tex/latex/latexconfig/epstopdf-sys.cfg
File: epstopdf-sys.cfg 2010/07/13 v1.3 Configuration of (r)epstopdf for TeX Liv
e
)))
(/usr/share/texmf-dist/tex/latex/pdfpages/pdfpages.sty
Package: pdfpages 2010/12/18 v0.4m Insert pages of external PDF documents (AM)

(/usr/share/texmf-dist/tex/latex/base/ifthen.sty
Package: ifthen 2001/05/26 v1.1c Standard LaTeX ifthen package (DPC)
)
(/usr/share/texmf-dist/tex/latex/eso-pic/eso-pic.sty
Package: eso-pic 2010/10/06 v2.0c eso-pic (RN)

(/usr/share/texmf-dist/tex/latex/xcolor/xcolor.sty
Package: xcolor 2007/01/21 v2.11 LaTeX color extensions (UK)

(/usr/share/texmf-dist/tex/latex/latexconfig/color.cfg
File: color.cfg 2007/01/18 v1.5 color configuration of teTeX/TeXLive
)
Package xcolor Info: Driver file: pdftex.def on input line 225.
Package xcolor Info: Model `cmy' substituted by `cmy0' on input line 1337.
Package xcolor Info: Model `hsb' substituted by `rgb' on input line 1341.
Package xcolor Info: Model `RGB' extended on input line 1353.
Package xcolor Info: Model `HTML' substituted by `rgb' on input line 1355.
Package xcolor Info: Model `Hsb' substituted by `hsb' on input line 1356.
Package xcolor Info: Model `tHsb' substituted by `hsb' on input line 1357.
Package xcolor Info: Model `HSB' substituted by `hsb' on input line 1358.
Package xcolor Info: Model `Gray' substituted by `gray' on input line 1359.
Package xcolor Info: Model `wave' substituted by `hsb' on input line 1360.
))
(/usr/share/texmf-dist/tex/latex/pdfpages/pppdftex.def
File: pppdftex.def 2010/12/18 v0.4m Pdfpages driver for pdfTeX (AM)
)
\AM@pagebox=\box257
\AM@toc@title=\toks48
\c@AM@survey=\count375
\AM@templatesizebox=\box258
)
(/usr/share/texmf-dist/tex/latex/microtype/microtype.sty
Package: microtype 2010/01/10 v2.4 Micro-typography with pdfTeX (RS)
\MT@toks=\toks49
\MT@count=\count376
LaTeX Info: Redefining \lsstyle on input line 1597.
LaTeX Info: Redefining \lslig on input line 1597.
\MT@outer@space=\skip266
LaTeX Info: Redefining \lsstyle on input line 1604.
LaTeX Info: Redefining \textls on input line 1605.
\MT@outer@kern=\dimen271
LaTeX Info: Redefining \textmicrotypecontext on input line 2156.
Package microtype Info: Loading configuration file microtype.cfg.

(/usr/share/texmf-dist/tex/latex/microtype/microtype.cfg
File: microtype.cfg 2010/01/10 v2.4 microtype main configuration file (RS)
))
\contos_discordianos@idxfile=\write4

Writing index file contos_discordianos.idx 
(./contos_discordianos.aux (./epigrafe.aux) (./titlepage.aux) (./copyright.aux)
(./introducao.aux) (./schneider/macacos.aux) (./schneider/ode.aux)
(./carol/diabo.aux) (./revberaldo/amor.aux) (./revberaldo/o_hippie.aux)
(./revberaldo/brasilia.aux) (./revberaldo/propp_conto.aux)
(./revberaldo/deputado_invisivel.aux) (./dub/deus_sistema_digestivo.aux)
(./dub/cao_gato.aux) (./dub/martelo.aux) (./dub/vai_pro_inferno.aux)
(./dub/na_pascoa.aux) (./peterson/realidade.aux) (./peterson/sem_data.aux)
(./peterson/profissionalismo.aux) (./peterson/raul_e_sua_miservel_torta.aux)
(./peterson/quase_natal.aux) (./peterson/devil.aux) (./big_five.aux)
(./colofon.aux))
LaTeX Font Info:    Checking defaults for OML/cmm/m/it on input line 44.
LaTeX Font Info:    ... okay on input line 44.
LaTeX Font Info:    Checking defaults for T1/cmr/m/n on input line 44.
LaTeX Font Info:    ... okay on input line 44.
LaTeX Font Info:    Checking defaults for OT1/cmr/m/n on input line 44.
LaTeX Font Info:    ... okay on input line 44.
LaTeX Font Info:    Checking defaults for OMS/cmsy/m/n on input line 44.
LaTeX Font Info:    ... okay on input line 44.
LaTeX Font Info:    Checking defaults for OMX/cmex/m/n on input line 44.
LaTeX Font Info:    ... okay on input line 44.
LaTeX Font Info:    Checking defaults for U/cmr/m/n on input line 44.
LaTeX Font Info:    ... okay on input line 44.
LaTeX Font Info:    Checking defaults for EU2/lmr/m/n on input line 44.
LaTeX Font Info:    ... okay on input line 44.
LaTeX Font Info:    Checking defaults for PD1/pdf/m/n on input line 44.
LaTeX Font Info:    ... okay on input line 44.
luaotfload | load font: auto-selecting default features for script: dflt (was l
atn)
luaotfload | load font: font family='linuxlibertine', subfamily='regular' found
: /usr/share/fonts/TTF/LinLibertine_Re.ttf
 fontspec info: Adjusting the maths setup (use [no-math] to avoid this).

\symlegacymaths=\mathgroup4
LaTeX Font Info:    Overwriting symbol font `legacymaths' in version `bold'
(Font)                  OT1/cmr/m/n --> OT1/cmr/bx/n on input line 44.
LaTeX Font Info:    Redeclaring math accent \acute on input line 44.
LaTeX Font Info:    Redeclaring math accent \grave on input line 44.
LaTeX Font Info:    Redeclaring math accent \ddot on input line 44.
LaTeX Font Info:    Redeclaring math accent \tilde on input line 44.
LaTeX Font Info:    Redeclaring math accent \bar on input line 44.
LaTeX Font Info:    Redeclaring math accent \breve on input line 44.
LaTeX Font Info:    Redeclaring math accent \check on input line 44.
LaTeX Font Info:    Redeclaring math accent \hat on input line 44.
LaTeX Font Info:    Redeclaring math accent \dot on input line 44.
LaTeX Font Info:    Redeclaring math accent \mathring on input line 44.
LaTeX Font Info:    Redeclaring math symbol \colon on input line 44.
LaTeX Font Info:    Redeclaring math symbol \Gamma on input line 44.
LaTeX Font Info:    Redeclaring math symbol \Delta on input line 44.
LaTeX Font Info:    Redeclaring math symbol \Theta on input line 44.
LaTeX Font Info:    Redeclaring math symbol \Lambda on input line 44.
LaTeX Font Info:    Redeclaring math symbol \Xi on input line 44.
LaTeX Font Info:    Redeclaring math symbol \Pi on input line 44.
LaTeX Font Info:    Redeclaring math symbol \Sigma on input line 44.
LaTeX Font Info:    Redeclaring math symbol \Upsilon on input line 44.
LaTeX Font Info:    Redeclaring math symbol \Phi on input line 44.
LaTeX Font Info:    Redeclaring math symbol \Psi on input line 44.
LaTeX Font Info:    Redeclaring math symbol \Omega on input line 44.
LaTeX Font Info:    Redeclaring math symbol \mathdollar on input line 44.
LaTeX Font Info:    Redeclaring symbol font `operators' on input line 44.
LaTeX Font Info:    Encoding `OT1' has changed to `EU2' for symbol font
(Font)              `operators' in the math version `normal' on input line 44.
LaTeX Font Info:    Overwriting symbol font `operators' in version `normal'
(Font)                  OT1/cmr/m/n --> EU2/LinuxLibertine(1)/m/n on input line
 44.
LaTeX Font Info:    Encoding `OT1' has changed to `EU2' for symbol font
(Font)              `operators' in the math version `bold' on input line 44.
LaTeX Font Info:    Overwriting symbol font `operators' in version `bold'
(Font)                  OT1/cmr/bx/n --> EU2/LinuxLibertine(1)/m/n on input lin
e 44.
LaTeX Font Info:    Overwriting symbol font `operators' in version `normal'
(Font)                  EU2/LinuxLibertine(1)/m/n --> EU2/LinuxLibertine(1)/m/n
 on input line 44.
LaTeX Font Info:    Overwriting math alphabet `\mathrm' in version `normal'
(Font)                  EU2/LinuxLibertine(1)/m/n --> EU2/LinuxLibertine(1)/m/n
 on input line 44.
LaTeX Font Info:    Overwriting math alphabet `\mathit' in version `normal'
(Font)                  OT1/cmr/m/it --> EU2/LinuxLibertine(1)/m/it on input li
ne 44.
LaTeX Font Info:    Overwriting math alphabet `\mathbf' in version `normal'
(Font)                  OT1/cmr/bx/n --> EU2/LinuxLibertine(1)/bx/n on input li
ne 44.
LaTeX Font Info:    Overwriting math alphabet `\mathsf' in version `normal'
(Font)                  OT1/cmss/m/n --> EU2/lmss/m/n on input line 44.
LaTeX Font Info:    Overwriting math alphabet `\mathtt' in version `normal'
(Font)                  OT1/cmtt/m/n --> EU2/lmtt/m/n on input line 44.
LaTeX Font Info:    Overwriting symbol font `operators' in version `bold'
(Font)                  EU2/LinuxLibertine(1)/m/n --> EU2/LinuxLibertine(1)/bx/
n on input line 44.
LaTeX Font Info:    Overwriting math alphabet `\mathrm' in version `bold'
(Font)                  EU2/LinuxLibertine(1)/m/n --> EU2/LinuxLibertine(1)/bx/
n on input line 44.
LaTeX Font Info:    Overwriting math alphabet `\mathit' in version `bold'
(Font)                  OT1/cmr/bx/it --> EU2/LinuxLibertine(1)/bx/it on input 
line 44.
LaTeX Font Info:    Overwriting math alphabet `\mathsf' in version `bold'
(Font)                  OT1/cmss/bx/n --> EU2/lmss/bx/n on input line 44.
LaTeX Font Info:    Overwriting math alphabet `\mathtt' in version `bold'
(Font)                  OT1/cmtt/m/n --> EU2/lmtt/bx/n on input line 44.
\AtBeginShipoutBox=\box259
Package hyperref Info: Link coloring OFF on input line 44.
 (/usr/share/texmf-dist/tex/latex/hyperref/nameref.sty
Package: nameref 2010/04/30 v2.40 Cross-referencing by name of section

(/usr/share/texmf-dist/tex/latex/oberdiek/refcount.sty
Package: refcount 2008/08/11 v3.1 Data extraction from references (HO)
)
(/usr/share/texmf-dist/tex/generic/oberdiek/gettitlestring.sty
Package: gettitlestring 2009/12/18 v1.3 Cleanup title references (HO)
)
\c@section@level=\count377
)
Redoing nameref's sectioning
Redoing nameref's label
LaTeX Info: Redefining \nameref on input line 44.
LaTeX Info: Redefining \ref on input line 44.
LaTeX Info: Redefining \pageref on input line 44.
LaTeX Info: Redefining \nameref on input line 44.
(./contos_discordianos.out) (./contos_discordianos.out)
\@outlinefile=\write5

(/usr/share/texmf-dist/tex/context/base/supp-pdf.mkii
[Loading MPS to PDF converter (version 2006.09.02).]
\scratchcounter=\count378
\scratchdimen=\dimen272
\scratchbox=\box260
\nofMPsegments=\count379
\nofMParguments=\count380
\everyMPshowfont=\toks50
\MPscratchCnt=\count381
\MPscratchDim=\dimen273
\MPnumerator=\count382
\everyMPtoPDFconversion=\toks51
)
LaTeX Info: Redefining \microtypecontext on input line 44.
Package microtype Info: Generating PDF output.
Package microtype Info: Character protrusion enabled (level 2).
Package microtype Info: Using default protrusion set `alltext'.
Package microtype Info: Automatic font expansion enabled (level 2),
(microtype)             stretch: 20, shrink: 20, step: 1, non-selected.
Package microtype Info: Using default expansion set `basictext'.
Package microtype Info: No tracking.
Package microtype Info: No adjustment of interword spacing.
Package microtype Info: No adjustment of character kerning.
 <capa.pdf, id=101, page=1, 422.53859pt x 597.432pt>
File: capa.pdf Graphic file (type pdf)
 <use capa.pdf, page 1>
File: capa.pdf Graphic file (type pdf)

<use capa.pdf, page 1>
File: capa.pdf Graphic file (type pdf)
 <use capa.pdf, page 1>
File: capa.pdf Graphic file (type pdf)
 <use capa.pdf, page 1>
File: capa.pdf Graphic file (type pdf)

<use capa.pdf, page 1> [1

 <./capa.pdf>] (./epigrafe.tex [2


]
luaotfload | load font: auto-selecting default features for script: dflt (was l
atn)
luaotfload | load font: font family='linuxlibertine', subfamily='regular' found
: /usr/share/fonts/TTF/LinLibertine_Re.ttf
luaotfload | otf process: missing cache for lookup ks_l_21_s of type gsub_conte
xtchain in font 26 (Linux Libertine)
luaotfload | load font: auto-selecting default features for script: dflt (was l
atn)
luaotfload | load font: font family='linuxlibertine', subfamily='regular' found
: /usr/share/fonts/TTF/LinLibertine_Re.ttf
luaotfload | load font: auto-selecting default features for script: dflt (was l
atn)
luaotfload | load font: font family='linuxlibertine', subfamily='italic' found:
 /usr/share/fonts/TTF/LinLibertine_It.ttf
luaotfload | otf process: missing cache for lookup ks_l_21_s of type gsub_conte
xtchain in font 27 (Linux Libertine)
luaotfload | otf process: missing cache for lookup ks_l_26_s of type gsub_conte
xtchain in font 28 (Linux Libertine Italic) [3{/var/lib/texmf/fonts/map/pdftex/
updmap/pdftex.map}] [4

]) (./titlepage.tex
luaotfload | load font: auto-selecting default features for script: dflt (was l
atn)
luaotfload | load font: font family='linuxlibertine', subfamily='regular' found
: /usr/share/fonts/TTF/LinLibertine_Re.ttf
luaotfload | otf process: missing cache for lookup ks_l_21_s of type gsub_conte
xtchain in font 29 (Linux Libertine)
luaotfload | load font: auto-selecting default features for script: dflt (was l
atn)
luaotfload | load font: font family='linuxlibertine', subfamily='regular' found
: /usr/share/fonts/TTF/LinLibertine_Re.ttf
luaotfload | otf process: missing cache for lookup ks_l_21_s of type gsub_conte
xtchain in font 30 (Linux Libertine)
<eris_hand.png, id=128, 501.875pt x 271.0125pt>
File: eris_hand.png Graphic file (type png)
 <use eris_hand.png>
luaotfload | otf process: missing cache for lookup ks_l_21_s of type gsub_conte
xtchain in font 25 (Linux Libertine) [5


 <./eris_hand.png>]) (./copyright.tex
LaTeX Font Info:    Try loading font information for EU2+lmtt on input line 10.

 (/usr/share/texmf-dist/tex/latex/euenc/eu2lmtt.fd
File: eu2lmtt.fd 2009/10/30 v1.6 Font defs for Latin Modern
)
luaotfload | load font: auto-selecting default features for script: dflt (was l
atn)(load: /home/revberaldo/.texlive/texmf-var/luatex-cache/generic/fonts/otf/t
emp-lmmono8-regular.lua)
luaotfload | load font: auto-selecting default features for script: dflt (was l
atn)
luaotfload | load font: font family='linuxlibertine', subfamily='regular' found
: /usr/share/fonts/TTF/LinLibertine_Re.ttf
LaTeX Font Info:    External font `cmex10' loaded for size
(Font)              <7> on input line 10.
LaTeX Font Info:    External font `cmex10' loaded for size
(Font)              <5> on input line 10.
 (/usr/share/texmf-dist/tex/latex/microtype/mt-cmr.cfg
File: mt-cmr.cfg 2009/11/09 v2.0 microtype config. file: Computer Modern Roman 
(RS)
)
Underfull \hbox (badness 3514) in paragraph at lines 10--11
[][]\EU2/LinuxLibertine(1)/m/n/7 Al-guns di-rei-tos re-ser-va-dos; esta pu-bli-
ca-o pode ser
 []


Underfull \hbox (badness 5924) in paragraph at lines 10--11
\EU2/LinuxLibertine(1)/m/n/7 re-pro-du-zida e mo-di-fi-cada de acordo com a li-
cena
 []


Underfull \hbox (badness 7012) in paragraph at lines 10--11
\EU2/LinuxLibertine(1)/m/n/7 Cre-ative Com-mons .. Veja suas li-ber-da-de
s e de-
 []

Package epstopdf Info: Source file: <cc.eps>
(epstopdf)                    date: 2011-03-31 11:06:00
(epstopdf)                    size: 53807 bytes
(epstopdf)             Output file: <cc-eps-converted-to.pdf>
(epstopdf)                    date: 2011-03-31 11:06:00
(epstopdf)                    size: 5611 bytes
(epstopdf)             Command: <epstopdf --outfile=cc-eps-converted-to.pdf cc.
eps>
(epstopdf)             \includegraphics on input line 12.
Package epstopdf Info: Output file is already uptodate.
<cc-eps-converted-to.pdf, id=135, 305.14pt x 73.27374pt>
File: cc-eps-converted-to.pdf Graphic file (type pdf)

<use cc-eps-converted-to.pdf>
Package epstopdf Info: Source file: <logo_imprensa.eps>
(epstopdf)                    date: 2011-03-31 11:06:00
(epstopdf)                    size: 5748768 bytes
(epstopdf)             Output file: <logo_imprensa-eps-converted-to.pdf>
(epstopdf)                    date: 2011-03-31 11:06:00
(epstopdf)                    size: 17517 bytes
(epstopdf)             Command: <epstopdf --outfile=logo_imprensa-eps-converted
-to.pdf logo_imprensa.eps>
(epstopdf)             \includegraphics on input line 31.
Package epstopdf Info: Output file is already uptodate.

<logo_imprensa-eps-converted-to.pdf, id=138, 240.9pt x 227.85126pt>
File: logo_imprensa-eps-converted-to.pdf Graphic file (type pdf)

<use logo_imprensa-eps-converted-to.pdf>
luaotfload | load font: auto-selecting default features for script: dflt (was l
atn)
luaotfload | load font: font family='linuxlibertine', subfamily='regular' found
: /usr/share/fonts/TTF/LinLibertine_Re.ttf
luaotfload | otf process: missing cache for lookup ks_l_21_s of type gsub_conte
xtchain in font 41 (Linux Libertine) [6


 <./cc-eps-converted-to.pdf> <./logo_imprensa-eps-converted-to.pdf>]) (./introd
ucao.tex
luaotfload | load font: auto-selecting default features for script: dflt (was l
atn)
luaotfload | load font: font family='linuxlibertine', subfamily='regular' found
: /usr/share/fonts/TTF/LinLibertine_Re.ttf
luaotfload | otf process: missing cache for lookup ks_l_21_s of type gsub_conte
xtchain in font 42 (Linux Libertine)
luaotfload | load font: auto-selecting default features for script: dflt (was l
atn)
luaotfload | load font: font family='linuxlibertine', subfamily='regular' found
: /usr/share/fonts/TTF/LinLibertine_Re.ttf
LaTeX Font Info:    External font `cmex10' loaded for size
(Font)              <10.95> on input line 4.
LaTeX Font Info:    External font `cmex10' loaded for size
(Font)              <8> on input line 4.
LaTeX Font Info:    External font `cmex10' loaded for size
(Font)              <6> on input line 4.
luaotfload | load font: auto-selecting default features for script: dflt (was l
atn)
luaotfload | load font: font family='linuxlibertine', subfamily='regular' found
: /usr/share/fonts/TTF/LinLibertine_Re.ttf
LaTeX Font Info:    External font `cmex10' loaded for size
(Font)              <9> on input line 4.
luaotfload | otf process: missing cache for lookup ks_l_21_s of type gsub_conte
xtchain in font 43 (Linux Libertine)
luaotfload | otf process: missing cache for lookup ks_l_21_s of type gsub_conte
xtchain in font 52 (Linux Libertine)
luaotfload | load font: auto-selecting default features for script: dflt (was l
atn)
luaotfload | load font: font family='linuxlibertine', subfamily='bold' found: /
usr/share/fonts/TTF/LinLibertine_Bd.ttf
luaotfload | load font: auto-selecting default features for script: dflt (was l
atn)
luaotfload | load font: font family='linuxlibertine', subfamily='italic' found:
 /usr/share/fonts/TTF/LinLibertine_It.ttf
luaotfload | otf process: missing cache for lookup ks_l_26_s of type gsub_conte
xtchain in font 56 (Linux Libertine Italic) [1




]
Overfull \hbox (2.83116pt too wide) in paragraph at lines 18--19
\EU2/LinuxLibertine(1)/m/n/10.95 ral-mente con-tendo as-pec-tos que so ina-ce
s-s-veis ao pen-sa-mento
 []

[2]
Overfull \hbox (5.3559pt too wide) in paragraph at lines 25--26
[][]\EU2/LinuxLibertine(1)/m/n/10.95 Os dis-cor-di-a-nos que se-guem o eri-si-a
-nismo usam ris, a deusa
 []

luaotfload | otf process: missing cache for lookup ks_l_21_s of type gsub_conte
xtchain in font 24 (Linux Libertine) [3] [4]
Overfull \hbox (2.92493pt too wide) in paragraph at lines 40--41
[][]\EU2/LinuxLibertine(1)/m/n/10.95 Os con-tos aqui reu-ni-dos so de pes-soa
s que de al-guma forma
 []

[5]
Overfull \hbox (5.17123pt too wide) in paragraph at lines 48--49
\EU2/LinuxLibertine(1)/m/n/10.95 nismo con-ti-nua por a, pe-gando al-gu-mas m
entes-que-realmente-
 []

luaotfload | load font: auto-selecting default features for script: dflt (was l
atn)
luaotfload | load font: font family='linuxlibertine', subfamily='regular' found
: /usr/share/fonts/TTF/LinLibertine_Re.ttf
luaotfload | otf process: missing cache for lookup ks_l_21_s of type gsub_conte
xtchain in font 57 (Linux Libertine)) [6] (./contos_discordianos.toc
luaotfload | load font: auto-selecting default features for script: dflt (was l
atn)
luaotfload | load font: font family='linuxlibertine', subfamily='bold' found: /
usr/share/fonts/TTF/LinLibertine_Bd.ttf
LaTeX Font Info:    External font `cmex10' loaded for size
(Font)              <12> on input line 2.
luaotfload | load font: auto-selecting default features for script: dflt (was l
atn)
luaotfload | load font: font family='linuxlibertine', subfamily='bold' found: /
usr/share/fonts/TTF/LinLibertine_Bd.ttf
luaotfload | load font: auto-selecting default features for script: dflt (was l
atn)
luaotfload | load font: font family='linuxlibertine', subfamily='bold' found: /
usr/share/fonts/TTF/LinLibertine_Bd.ttf [7


]) [8]
luaotfload | load font: auto-selecting default features for script: dflt (was l
atn)
luaotfload | load font: font family='linuxlibertine', subfamily='regular' found
: /usr/share/fonts/TTF/LinLibertine_Re.ttf
luaotfload | load font: auto-selecting default features for script: dflt (was l
atn)
luaotfload | load font: font family='linuxlibertine', subfamily='bold' found: /
usr/share/fonts/TTF/LinLibertine_Bd.ttf
luaotfload | load font: auto-selecting default features for script: dflt (was l
atn)
luaotfload | load font: font family='linuxlibertine', subfamily='regular' found
: /usr/share/fonts/TTF/LinLibertine_Re.ttf
luaotfload | load font: auto-selecting default features for script: dflt (was l
atn)
luaotfload | load font: font family='linuxlibertine', subfamily='bold' found: /
usr/share/fonts/TTF/LinLibertine_Bd.ttfLuaTeX warning (ext4): destination with 
the same identifier (name{page.1}) has been already used, duplicate ignored
<to be read again> 
                   \relax 
l.66 	\part{Felipe Schneider}
                              [1


]LuaTeX warning (ext4): destination with the same identifier (name{page.2}) has
 been already used, duplicate ignored
<to be read again> 
                   \relax 
l.66 	\part{Felipe Schneider}
                              [2] (./schneider/macacos.texLuaTeX warning (ext4)
: destination with the same identifier (name{page.3}) has been already used, du
plicate ignored
<to be read again> 
                   \relax 
l.11 D
      epois de um banho, j estou pronto. Corro para pegar o nibus. No po...
[3


]LuaTeX warning (ext4): destination with the same identifier (name{page.4}) has
 been already used, duplicate ignored
<to be read again> 
                   \relax 
l.18 
      [4]LuaTeX warning (ext4): destination with the same identifier (name{page
.5}) has been already used, duplicate ignored
<to be read again> 
                   \relax 
l.28 
      [5])LuaTeX warning (ext4): destination with the same identifier (name{pag
e.6}) has been already used, duplicate ignored
<to be read again> 
                   \relax 
l.67 		\include{schneider/macacos}
                                   [6] (./schneider/ode.tex [7



]) [8] [9


]
[10] (./carol/diabo.tex [11


] [12] [13] [14]) [15] [16


] [17] [18]
(./revberaldo/amor.tex
Overfull \hbox (4.86115pt too wide) in paragraph at lines 13--14
\EU2/LinuxLibertine(1)/m/n/10.95 ves, de vinte e dois anos, in-con-for-mado com
 o fim do na-moro---
 []

[19


] [20]
Underfull \vbox (badness 4001) has occurred while \output is active []

 [21])
[22] (./revberaldo/o_hippie.tex [23



]) [24] [25] (./revberaldo/brasilia.tex
[26



] [27] [28]) [29] (./revberaldo/propp_conto.tex [30



] [31] [32]) [33]
(./revberaldo/deputado_invisivel.tex [34



] [35] (./decoracao.tex
luaotfload | otf process: missing cache for lookup ks_l_21_s of type gsub_conte
xtchain in font 64 (Linux Libertine)) [36] [37]
(./decoracao.tex) [38]) [39] [40


] [41] [42] (./dub/deus_sistema_digestivo.tex
[43


]) [44] (./dub/cao_gato.tex [45



]
Overfull \hbox (1.93936pt too wide) in paragraph at lines 41--42
[][]\EU2/LinuxLibertine(1)/m/n/10.95 Hu-ma-nos se as-sus-tam com a pos-si-bi-li
-dade de mor-rer e ainda
 []

[46] [47]
Overfull \hbox (8.58527pt too wide) in paragraph at lines 93--94
[][]\EU2/LinuxLibertine(1)/m/n/10.95 S uma pe-quena ob-ser-va-o: ``atro-c
i-da-des ver-go-nho-sas'' pode
 []


Overfull \hbox (0.42981pt too wide) in paragraph at lines 109--110
[][]\EU2/LinuxLibertine(1)/m/n/10.95 No co-meo, eu no sa-li-vava. Achava ab
-surdo ali-men-tar ces
 []

[48] [49] [50] [51] [52]
Overfull \hbox (0.37633pt too wide) in paragraph at lines 222--223
[][]\EU2/LinuxLibertine(1)/m/n/10.95 Ali-men-ta-o sau-d-vel quer di-zer q
ue eu no es-tou co-mendo
 []

[53] [54] [55]
Overfull \hbox (4.94235pt too wide) in paragraph at lines 326--327
[][]\EU2/LinuxLibertine(1)/m/n/10.95 Acho que a ar-ma-di-lha dei-xar % vi
vo e % morto ao mesmo
 []

[56]) [57] (./dub/martelo.tex [58



] [59] [60]) [61] (./dub/vai_pro_inferno.tex
[62



] [63] [64] [65]) [66] (./dub/na_pascoa.tex [67



]
Overfull \hbox (2.0713pt too wide) in paragraph at lines 33--34
[][]\EU2/LinuxLibertine(1)/m/n/10.95 Toma essa, co-ra-o! Vou obs-truir seus
 ca-mi-nhos! Toma essa,
 []

[68] [69]
Overfull \hbox (1.98567pt too wide) in paragraph at lines 95--96
[][]\EU2/LinuxLibertine(1)/m/n/10.95 Eu en-ro-lado no len-ol pa-re-cia uma le
sma ner-vosa mor-dendo
 []

[70]) [71] [72


] [73] [74] (./peterson/realidade.tex

Package hyperref Warning: Token not allowed in a PDF string (PDFDocEncoding):
(hyperref)                \kern 1.82504pt
(hyperref)                removed on input line 1.


Overfull \hbox (0.65163pt too wide) in paragraph at lines 5--6
[][]\EU2/LinuxLibertine(1)/m/n/10.95 O que in-co-mo-dava a cri-ana cres-cida,
 que j no ti-nha medo
 []

[75


] [76]
Overfull \hbox (0.85039pt too wide) in paragraph at lines 23--24
[][]\EU2/LinuxLibertine(1)/m/n/10.95 Fe-chou a porta do quarto. Por qu? Pff
Nada po-de-ria acon-
 []

[77] [78]) [79] (./peterson/sem_data.tex [80



] [81] [82]) [83]
(./peterson/profissionalismo.tex [84



] [85] [86]
Overfull \hbox (2.07034pt too wide) in paragraph at lines 19--20
[][]\EU2/LinuxLibertine(1)/m/n/10.95 Ja-mais ima-gi-nara que po-de-ria re-al-me
nte fa-zer aquilo.  mais
 []

[87] [88]
Underfull \hbox (badness 2582) in paragraph at lines 42--43
[][]\EU2/LinuxLibertine(1)/m/n/10.95 Mau-r-cio pas-sou a tra-ba-lhar in-de-pe
n-den-te-mente, pela
 []


Underfull \hbox (badness 1067) in paragraph at lines 42--43
\EU2/LinuxLibertine(1)/m/n/10.95 agn-cia, no s acom-pa-nhando ou-tra pes-
soa. Co-me-mo-rou
 []

[89] [90] [91] [92] [93] [94]) [95] (./peterson/raul_e_sua_miservel_torta.tex
[96



] [97]
Overfull \hbox (0.62589pt too wide) in paragraph at lines 45--46
[][]\EU2/LinuxLibertine(1)/m/n/10.95 --- En-to, seu in-grato! Tudo bem, tudo 
bem, eu ad-mito, posso
 []

[98]
Overfull \hbox (1.86876pt too wide) in paragraph at lines 49--50
\EU2/LinuxLibertine(1)/m/n/10.95 mais ``ig-no-rante'' (no sen-tido co-lo-quial 
de ``bru-ta-mon-tes'', aquele
 []

[99]
Overfull \hbox (4.01497pt too wide) in paragraph at lines 63--64
[][]\EU2/LinuxLibertine(1)/m/n/10.95 --- SeVocComerEssaEssa torta
O re-cheio da mi-
 []

[100] [101]
Overfull \hbox (7.73756pt too wide) in paragraph at lines 105--106
\EU2/LinuxLibertine(1)/m/n/10.95 ------O-O-O-O-O-O-O-O-O-O-O-O-O-O-
O!!! --- Ex-cla-ma-ram, ber-ra-ram,
 []

[102]
Overfull \hbox (5.00368pt too wide) in paragraph at lines 121--122
[][]\EU2/LinuxLibertine(1)/m/n/10.95 --- PUTA QUE O PA-RIU, O QUE  QUE VOC 
T FA-ZENDO,
 []

[103] [104]) [105] (./peterson/quase_natal.tex [106



] [107]
Underfull \hbox (badness 7796) in paragraph at lines 30--31
[][]\EU2/LinuxLibertine(1)/m/n/10.95 --- No, mas aqui nin-gum d a m-nim
a pra ele
 []

[108] [109] [110] [111] [112] [113]) [114] (./peterson/devil.tex
Overfull \hbox (1.11417pt too wide) in paragraph at lines 5--6
[][]\EU2/LinuxLibertine(1)/m/n/10.95 Aquele bos-que do \EU2/LinuxLibertine(1)/m
/it/10.95 cam-pus\EU2/LinuxLibertine(1)/m/n/10.95 , pr-ximo  rei-to-ria, er
a re-al-mente
 []


Underfull \hbox (badness 1112) in paragraph at lines 10--11
[][]\EU2/LinuxLibertine(1)/m/n/10.95 En-to ali nos \EU2/LinuxLibertine(1)/m/i
t/10.95 sur-roun-dings \EU2/LinuxLibertine(1)/m/n/10.95 ha-via mui-tas r-vo-r
es, ban-
 []

[115



] [116] [117] [118] [119] [120] [121] [122] [123] [124]) [125] [126]
(./big_five.tex
Overfull \hbox (0.27826pt too wide) in paragraph at lines 3--5
 [] 
 []

[127



]
Overfull \vbox (12.68938pt too high) has occurred while \output is active []


[128]) [129] (./colofon.tex) [130


]
\tf@toc=\write6
Package atveryend Info: Empty hook `BeforeClearDocument' on input line 101.
Package atveryend Info: Empty hook `AfterLastShipout' on input line 101.
 (./contos_discordianos.aux (./epigrafe.aux)
(./titlepage.aux) (./copyright.aux) (./introducao.aux) (./schneider/macacos.aux
) (./schneider/ode.aux) (./carol/diabo.aux) (./revberaldo/amor.aux)
(./revberaldo/o_hippie.aux) (./revberaldo/brasilia.aux)
(./revberaldo/propp_conto.aux) (./revberaldo/deputado_invisivel.aux)
(./dub/deus_sistema_digestivo.aux) (./dub/cao_gato.aux) (./dub/martelo.aux)
(./dub/vai_pro_inferno.aux) (./dub/na_pascoa.aux) (./peterson/realidade.aux)
(./peterson/sem_data.aux) (./peterson/profissionalismo.aux)
(./peterson/raul_e_sua_miservel_torta.aux) (./peterson/quase_natal.aux)
(./peterson/devil.aux) (./big_five.aux) (./colofon.aux))
Package atveryend Info: Executing hook `AtVeryEndDocument' on input line 101.
Package rerunfilecheck Info: File `contos_discordianos.out' has not changed.
(rerunfilecheck)             Checksum: E392FAA56D83B590AFF56226113BB6A2;1456.
 )

Here is how much of LuaTeX's memory you used:
 22321 strings out of 257167
 100000,662416 words of node,token memory allocated
 1425 words of node memory still in use:
   2 hlist, 1 vlist, 1 rule, 2 glue, 5 attribute, 135 glue_spec, 5 attribute_li
st, 1 action, 3 write nodes
   avail lists: 2:6903,3:922,4:789,5:335,6:3557,7:204,8:33,9:331,10:414
 24520 multiletter control sequences out of 65536+200000
 67 fonts using 12249911 bytes
 53i,18n,73p,1431b,531s stack positions out of 5000i,500n,6000p,200000b,50000s
</usr/share/fonts/TTF/LinLibertine_Bd.ttf></usr/share/texmf-dist/fonts/opentype
/public/lm/lmmono8-regular.otf></usr/share/fonts/TTF/LinLibertine_It.ttf></usr/
share/fonts/TTF/LinLibertine_Re.ttf></usr/share/texmf-dist/fonts/type1/public/a
msfonts/cm/cmr8.pfb>
Output written on contos_discordianos.pdf (144 pages, 1722622 bytes).
PDF statistics: 806 PDF objects out of 1000 (max. 8388607)
 635 compressed objects within 7 object streams
 175 named destinations out of 1000 (max. 131072)
 193 words of extra memory for PDF output out of 10000 (max. 10000000)

